<?xml version="1.0" encoding="UTF-8" ?>
<testsuite tests="2" failures="0" name="ioc.IoCTest" time="1.574" errors="0" skipped="0">
  <properties>
    <property name="idea.version" value="2016.1.3"/>
    <property name="java.runtime.name" value="Java(TM) SE Runtime Environment"/>
    <property name="sun.boot.library.path" value="C:\Program Files\Java\jdk1.8.0_111\jre\bin"/>
    <property name="java.vm.version" value="25.111-b14"/>
    <property name="java.vm.vendor" value="Oracle Corporation"/>
    <property name="java.vendor.url" value="http://java.oracle.com/"/>
    <property name="path.separator" value=";"/>
    <property name="java.vm.name" value="Java HotSpot(TM) 64-Bit Server VM"/>
    <property name="file.encoding.pkg" value="sun.io"/>
    <property name="user.script" value=""/>
    <property name="user.country" value="PL"/>
    <property name="sun.java.launcher" value="SUN_STANDARD"/>
    <property name="sun.os.patch.level" value=""/>
    <property name="java.vm.specification.name" value="Java Virtual Machine Specification"/>
    <property name="user.dir" value="G:\projekty_wlasne\nauka_springa\first\materials\ioc-controller"/>
    <property name="java.runtime.version" value="1.8.0_111-b14"/>
    <property name="java.awt.graphicsenv" value="sun.awt.Win32GraphicsEnvironment"/>
    <property name="basedir" value="G:\projekty_wlasne\nauka_springa\first\materials\ioc-controller"/>
    <property name="java.endorsed.dirs" value="C:\Program Files\Java\jdk1.8.0_111\jre\lib\endorsed"/>
    <property name="os.arch" value="amd64"/>
    <property name="surefire.real.class.path" value="G:\projekty_wlasne\nauka_springa\first\materials\ioc-controller\target\surefire\surefirebooter3231907189309488041.jar"/>
    <property name="java.io.tmpdir" value="C:\Users\DELL\AppData\Local\Temp\"/>
    <property name="line.separator" value="
"/>
    <property name="java.vm.specification.vendor" value="Oracle Corporation"/>
    <property name="user.variant" value=""/>
    <property name="os.name" value="Windows 10"/>
    <property name="sun.jnu.encoding" value="Cp1250"/>
    <property name="java.library.path" value="C:\Program Files\Java\jdk1.8.0_111\jre\bin;C:\WINDOWS\Sun\Java\bin;C:\WINDOWS\system32;C:\WINDOWS;C:\Program Files\Docker\Docker\Resources\bin;C:\Program Files\Java\jdk1.8.0_31\jre\bin;C:\Program Files (x86)\python;C:\Program Files (x86)\python\Scripts;C:\Program Files (x86)\python\Library\bin;C:\Program Files (x86)\python;C:\Users\DELL\AppData\Local\GitHub\PortableGit_d76a6a98c9315931ec4927243517bc09e9b731a0\cmd;C:\Users\DELL\AppData\Local\GitHub\PortableGit_d76a6a98c9315931ec4927243517bc09e9b731a0\usr\bin;C:\Program Files\Microsoft SQL Server\120\Tools\Binn\;c:\Program Files\Microsoft SQL Server\120\DTS\Binn\;c:\Program Files\Microsoft SQL Server\Client SDK\ODBC\110\Tools\Binn\;c:\Program Files (x86)\Microsoft SQL Server\120\Tools\Binn\ManagementStudio\;c:\Program Files (x86)\Microsoft SQL Server\120\Tools\Binn\;c:\Program Files (x86)\Microsoft SQL Server\120\DTS\Binn\;C:\WINDOWS\system32;E:\sonarqube\sonar-scanner-2.8\bin;E:\IntelliJ IDEA 2016.1.3\plugins\Hibernate\lib;C:\Program Files\PostgreSQL\9.6\bin;."/>
    <property name="surefire.test.class.path" value="G:\projekty_wlasne\nauka_springa\first\materials\ioc-controller\target\test-classes;G:\projekty_wlasne\nauka_springa\first\materials\ioc-controller\target\classes;C:\Users\DELL\.m2\repository\junit\junit\4.12\junit-4.12.jar;C:\Users\DELL\.m2\repository\org\hamcrest\hamcrest-core\1.3\hamcrest-core-1.3.jar;C:\Users\DELL\.m2\repository\org\springframework\spring-context\4.3.6.RELEASE\spring-context-4.3.6.RELEASE.jar;C:\Users\DELL\.m2\repository\org\springframework\spring-aop\4.3.6.RELEASE\spring-aop-4.3.6.RELEASE.jar;C:\Users\DELL\.m2\repository\org\springframework\spring-beans\4.3.6.RELEASE\spring-beans-4.3.6.RELEASE.jar;C:\Users\DELL\.m2\repository\org\springframework\spring-core\4.3.6.RELEASE\spring-core-4.3.6.RELEASE.jar;C:\Users\DELL\.m2\repository\commons-logging\commons-logging\1.2\commons-logging-1.2.jar;C:\Users\DELL\.m2\repository\org\springframework\spring-expression\4.3.6.RELEASE\spring-expression-4.3.6.RELEASE.jar;"/>
    <property name="java.specification.name" value="Java Platform API Specification"/>
    <property name="java.class.version" value="52.0"/>
    <property name="sun.management.compiler" value="HotSpot 64-Bit Tiered Compilers"/>
    <property name="os.version" value="10.0"/>
    <property name="user.home" value="C:\Users\DELL"/>
    <property name="user.timezone" value="Europe/Belgrade"/>
    <property name="java.awt.printerjob" value="sun.awt.windows.WPrinterJob"/>
    <property name="java.specification.version" value="1.8"/>
    <property name="file.encoding" value="Cp1250"/>
    <property name="user.name" value="DELL"/>
    <property name="java.class.path" value="G:\projekty_wlasne\nauka_springa\first\materials\ioc-controller\target\test-classes;G:\projekty_wlasne\nauka_springa\first\materials\ioc-controller\target\classes;C:\Users\DELL\.m2\repository\junit\junit\4.12\junit-4.12.jar;C:\Users\DELL\.m2\repository\org\hamcrest\hamcrest-core\1.3\hamcrest-core-1.3.jar;C:\Users\DELL\.m2\repository\org\springframework\spring-context\4.3.6.RELEASE\spring-context-4.3.6.RELEASE.jar;C:\Users\DELL\.m2\repository\org\springframework\spring-aop\4.3.6.RELEASE\spring-aop-4.3.6.RELEASE.jar;C:\Users\DELL\.m2\repository\org\springframework\spring-beans\4.3.6.RELEASE\spring-beans-4.3.6.RELEASE.jar;C:\Users\DELL\.m2\repository\org\springframework\spring-core\4.3.6.RELEASE\spring-core-4.3.6.RELEASE.jar;C:\Users\DELL\.m2\repository\commons-logging\commons-logging\1.2\commons-logging-1.2.jar;C:\Users\DELL\.m2\repository\org\springframework\spring-expression\4.3.6.RELEASE\spring-expression-4.3.6.RELEASE.jar;"/>
    <property name="java.vm.specification.version" value="1.8"/>
    <property name="sun.arch.data.model" value="64"/>
    <property name="java.home" value="C:\Program Files\Java\jdk1.8.0_111\jre"/>
    <property name="sun.java.command" value="G:\projekty_wlasne\nauka_springa\first\materials\ioc-controller\target\surefire\surefirebooter3231907189309488041.jar G:\projekty_wlasne\nauka_springa\first\materials\ioc-controller\target\surefire\surefire2346834290952566597tmp G:\projekty_wlasne\nauka_springa\first\materials\ioc-controller\target\surefire\surefire1834234811659293678tmp"/>
    <property name="java.specification.vendor" value="Oracle Corporation"/>
    <property name="user.language" value="pl"/>
    <property name="awt.toolkit" value="sun.awt.windows.WToolkit"/>
    <property name="java.vm.info" value="mixed mode"/>
    <property name="java.version" value="1.8.0_111"/>
    <property name="java.ext.dirs" value="C:\Program Files\Java\jdk1.8.0_111\jre\lib\ext;C:\WINDOWS\Sun\Java\lib\ext"/>
    <property name="sun.boot.class.path" value="C:\Program Files\Java\jdk1.8.0_111\jre\lib\resources.jar;C:\Program Files\Java\jdk1.8.0_111\jre\lib\rt.jar;C:\Program Files\Java\jdk1.8.0_111\jre\lib\sunrsasign.jar;C:\Program Files\Java\jdk1.8.0_111\jre\lib\jsse.jar;C:\Program Files\Java\jdk1.8.0_111\jre\lib\jce.jar;C:\Program Files\Java\jdk1.8.0_111\jre\lib\charsets.jar;C:\Program Files\Java\jdk1.8.0_111\jre\lib\jfr.jar;C:\Program Files\Java\jdk1.8.0_111\jre\classes"/>
    <property name="java.vendor" value="Oracle Corporation"/>
    <property name="localRepository" value="C:\Users\DELL\.m2\repository"/>
    <property name="file.separator" value="\"/>
    <property name="java.vendor.url.bug" value="http://bugreport.sun.com/bugreport/"/>
    <property name="sun.cpu.endian" value="little"/>
    <property name="sun.io.unicode.encoding" value="UnicodeLittle"/>
    <property name="sun.desktop" value="windows"/>
    <property name="sun.cpu.isalist" value="amd64"/>
  </properties>
  <testcase classname="ioc.IoCTest" name="testCar" time="1.262"/>
  <testcase classname="ioc.IoCTest" name="testMyBank" time="0.121"/>
</testsuite>